{"/home/tun/.openclaw/workspace/gold-trader-poc/frontend/src/components/common/GoldHoldingsCard.tsx": {"path":"/home/tun/.openclaw/workspace/gold-trader-poc/frontend/src/components/common/GoldHoldingsCard.tsx","statementMap":{"0":{"start":{"line":11,"column":58},"end":{"line":49,"column":null}},"1":{"start":{"line":12,"column":38},"end":{"line":12,"column":null}},"2":{"start":{"line":13,"column":28},"end":{"line":13,"column":null}},"3":{"start":{"line":14,"column":24},"end":{"line":14,"column":null}},"4":{"start":{"line":16,"column":2},"end":{"line":32,"column":null}},"5":{"start":{"line":17,"column":26},"end":{"line":29,"column":null}},"6":{"start":{"line":18,"column":6},"end":{"line":28,"column":null}},"7":{"start":{"line":19,"column":8},"end":{"line":19,"column":null}},"8":{"start":{"line":20,"column":8},"end":{"line":20,"column":null}},"9":{"start":{"line":21,"column":20},"end":{"line":21,"column":null}},"10":{"start":{"line":23,"column":8},"end":{"line":23,"column":null}},"11":{"start":{"line":25,"column":8},"end":{"line":25,"column":null}},"12":{"start":{"line":27,"column":8},"end":{"line":27,"column":null}},"13":{"start":{"line":31,"column":4},"end":{"line":31,"column":null}},"14":{"start":{"line":34,"column":2},"end":{"line":34,"column":null}},"15":{"start":{"line":34,"column":15},"end":{"line":34,"column":null}},"16":{"start":{"line":35,"column":2},"end":{"line":35,"column":null}},"17":{"start":{"line":35,"column":13},"end":{"line":35,"column":null}},"18":{"start":{"line":36,"column":2},"end":{"line":36,"column":null}},"19":{"start":{"line":36,"column":21},"end":{"line":36,"column":null}},"20":{"start":{"line":38,"column":2},"end":{"line":47,"column":null}}},"fnMap":{"0":{"name":"(anonymous_0)","decl":{"start":{"line":11,"column":58},"end":{"line":11,"column":59}},"loc":{"start":{"line":11,"column":82},"end":{"line":49,"column":null}},"line":11},"1":{"name":"(anonymous_1)","decl":{"start":{"line":16,"column":12},"end":{"line":16,"column":18}},"loc":{"start":{"line":16,"column":18},"end":{"line":32,"column":5}},"line":16},"2":{"name":"(anonymous_2)","decl":{"start":{"line":17,"column":26},"end":{"line":17,"column":38}},"loc":{"start":{"line":17,"column":38},"end":{"line":29,"column":null}},"line":17}},"branchMap":{"0":{"loc":{"start":{"line":11,"column":61},"end":{"line":11,"column":76}},"type":"default-arg","locations":[{"start":{"line":11,"column":73},"end":{"line":11,"column":76}}],"line":11},"1":{"loc":{"start":{"line":25,"column":17},"end":{"line":25,"column":63}},"type":"binary-expr","locations":[{"start":{"line":25,"column":17},"end":{"line":25,"column":32}},{"start":{"line":25,"column":32},"end":{"line":25,"column":63}}],"line":25},"2":{"loc":{"start":{"line":34,"column":2},"end":{"line":34,"column":null}},"type":"if","locations":[{"start":{"line":34,"column":2},"end":{"line":34,"column":null}},{"start":{},"end":{}}],"line":34},"3":{"loc":{"start":{"line":35,"column":2},"end":{"line":35,"column":null}},"type":"if","locations":[{"start":{"line":35,"column":2},"end":{"line":35,"column":null}},{"start":{},"end":{}}],"line":35},"4":{"loc":{"start":{"line":36,"column":2},"end":{"line":36,"column":null}},"type":"if","locations":[{"start":{"line":36,"column":2},"end":{"line":36,"column":null}},{"start":{},"end":{}}],"line":36},"5":{"loc":{"start":{"line":44,"column":61},"end":{"line":44,"column":117}},"type":"binary-expr","locations":[{"start":{"line":44,"column":61},"end":{"line":44,"column":116}},{"start":{"line":44,"column":116},"end":{"line":44,"column":117}}],"line":44},"6":{"loc":{"start":{"line":45,"column":61},"end":{"line":45,"column":116}},"type":"binary-expr","locations":[{"start":{"line":45,"column":61},"end":{"line":45,"column":113}},{"start":{"line":45,"column":113},"end":{"line":45,"column":116}}],"line":45}},"s":{"0":1,"1":7,"2":7,"3":7,"4":7,"5":4,"6":4,"7":4,"8":4,"9":4,"10":2,"11":1,"12":3,"13":4,"14":7,"15":4,"16":3,"17":3,"18":2,"19":0,"20":2},"f":{"0":7,"1":4,"2":4},"b":{"0":[7],"1":[1,0],"2":[4,3],"3":[1,2],"4":[0,2],"5":[2,0],"6":[7,0]},"meta":{"lastBranch":7,"lastFunction":3,"lastStatement":21,"seen":{"s:11:58:49:Infinity":0,"f:11:58:11:59":0,"b:11:73:11:76":0,"s:12:38:12:Infinity":1,"s:13:28:13:Infinity":2,"s:14:24:14:Infinity":3,"s:16:2:32:Infinity":4,"f:16:12:16:18":1,"s:17:26:29:Infinity":5,"f:17:26:17:38":2,"s:18:6:28:Infinity":6,"s:19:8:19:Infinity":7,"s:20:8:20:Infinity":8,"s:21:20:21:Infinity":9,"s:23:8:23:Infinity":10,"s:25:8:25:Infinity":11,"b:25:17:25:32:25:32:25:63":1,"s:27:8:27:Infinity":12,"s:31:4:31:Infinity":13,"b:34:2:34:Infinity:undefined:undefined:undefined:undefined":2,"s:34:2:34:Infinity":14,"s:34:15:34:Infinity":15,"b:35:2:35:Infinity:undefined:undefined:undefined:undefined":3,"s:35:2:35:Infinity":16,"s:35:13:35:Infinity":17,"b:36:2:36:Infinity:undefined:undefined:undefined:undefined":4,"s:36:2:36:Infinity":18,"s:36:21:36:Infinity":19,"s:38:2:47:Infinity":20,"b:44:61:44:116:44:116:44:117":5,"b:45:61:45:113:45:113:45:116":6}}}
,"/home/tun/.openclaw/workspace/gold-trader-poc/frontend/src/components/common/ProtectedRoute.tsx": {"path":"/home/tun/.openclaw/workspace/gold-trader-poc/frontend/src/components/common/ProtectedRoute.tsx","statementMap":{"0":{"start":{"line":9,"column":30},"end":{"line":25,"column":null}},"1":{"start":{"line":10,"column":37},"end":{"line":10,"column":null}},"2":{"start":{"line":12,"column":2},"end":{"line":18,"column":null}},"3":{"start":{"line":13,"column":4},"end":{"line":16,"column":null}},"4":{"start":{"line":20,"column":2},"end":{"line":22,"column":null}},"5":{"start":{"line":21,"column":4},"end":{"line":21,"column":null}},"6":{"start":{"line":24,"column":2},"end":{"line":24,"column":null}}},"fnMap":{"0":{"name":"(anonymous_0)","decl":{"start":{"line":9,"column":30},"end":{"line":9,"column":31}},"loc":{"start":{"line":9,"column":69},"end":{"line":25,"column":null}},"line":9}},"branchMap":{"0":{"loc":{"start":{"line":12,"column":2},"end":{"line":18,"column":null}},"type":"if","locations":[{"start":{"line":12,"column":2},"end":{"line":18,"column":null}},{"start":{},"end":{}}],"line":12},"1":{"loc":{"start":{"line":20,"column":2},"end":{"line":22,"column":null}},"type":"if","locations":[{"start":{"line":20,"column":2},"end":{"line":22,"column":null}},{"start":{},"end":{}}],"line":20}},"s":{"0":1,"1":3,"2":3,"3":1,"4":2,"5":1,"6":1},"f":{"0":3},"b":{"0":[1,2],"1":[1,1]},"meta":{"lastBranch":2,"lastFunction":1,"lastStatement":7,"seen":{"s:9:30:25:Infinity":0,"f:9:30:9:31":0,"s:10:37:10:Infinity":1,"b:12:2:18:Infinity:undefined:undefined:undefined:undefined":0,"s:12:2:18:Infinity":2,"s:13:4:16:Infinity":3,"b:20:2:22:Infinity:undefined:undefined:undefined:undefined":1,"s:20:2:22:Infinity":4,"s:21:4:21:Infinity":5,"s:24:2:24:Infinity":6}}}
,"/home/tun/.openclaw/workspace/gold-trader-poc/frontend/src/components/common/TradeHistory.tsx": {"path":"/home/tun/.openclaw/workspace/gold-trader-poc/frontend/src/components/common/TradeHistory.tsx","statementMap":{"0":{"start":{"line":12,"column":50},"end":{"line":59,"column":null}},"1":{"start":{"line":17,"column":38},"end":{"line":17,"column":null}},"2":{"start":{"line":18,"column":28},"end":{"line":18,"column":null}},"3":{"start":{"line":20,"column":8},"end":{"line":32,"column":null}},"4":{"start":{"line":21,"column":4},"end":{"line":31,"column":null}},"5":{"start":{"line":22,"column":6},"end":{"line":22,"column":null}},"6":{"start":{"line":23,"column":26},"end":{"line":23,"column":null}},"7":{"start":{"line":24,"column":6},"end":{"line":24,"column":null}},"8":{"start":{"line":24,"column":18},"end":{"line":24,"column":null}},"9":{"start":{"line":25,"column":23},"end":{"line":25,"column":null}},"10":{"start":{"line":26,"column":6},"end":{"line":26,"column":null}},"11":{"start":{"line":28,"column":6},"end":{"line":28,"column":null}},"12":{"start":{"line":30,"column":6},"end":{"line":30,"column":null}},"13":{"start":{"line":34,"column":2},"end":{"line":36,"column":null}},"14":{"start":{"line":35,"column":4},"end":{"line":35,"column":null}},"15":{"start":{"line":38,"column":2},"end":{"line":38,"column":null}},"16":{"start":{"line":38,"column":44},"end":{"line":38,"column":null}},"17":{"start":{"line":40,"column":2},"end":{"line":57,"column":null}},"18":{"start":{"line":47,"column":14},"end":{"line":52,"column":null}}},"fnMap":{"0":{"name":"(anonymous_0)","decl":{"start":{"line":12,"column":50},"end":{"line":12,"column":51}},"loc":{"start":{"line":16,"column":6},"end":{"line":59,"column":null}},"line":16},"1":{"name":"(anonymous_1)","decl":{"start":{"line":20,"column":40},"end":{"line":20,"column":52}},"loc":{"start":{"line":20,"column":52},"end":{"line":32,"column":5}},"line":20},"2":{"name":"(anonymous_2)","decl":{"start":{"line":34,"column":12},"end":{"line":34,"column":18}},"loc":{"start":{"line":34,"column":18},"end":{"line":36,"column":5}},"line":34},"3":{"name":"(anonymous_3)","decl":{"start":{"line":46,"column":30},"end":{"line":46,"column":31}},"loc":{"start":{"line":47,"column":14},"end":{"line":52,"column":null}},"line":47}},"branchMap":{"0":{"loc":{"start":{"line":13,"column":2},"end":{"line":13,"column":null}},"type":"default-arg","locations":[{"start":{"line":13,"column":14},"end":{"line":13,"column":null}}],"line":13},"1":{"loc":{"start":{"line":24,"column":6},"end":{"line":24,"column":null}},"type":"if","locations":[{"start":{"line":24,"column":6},"end":{"line":24,"column":null}},{"start":{},"end":{}}],"line":24},"2":{"loc":{"start":{"line":26,"column":22},"end":{"line":26,"column":98}},"type":"cond-expr","locations":[{"start":{"line":26,"column":53},"end":{"line":26,"column":70}},{"start":{"line":26,"column":70},"end":{"line":26,"column":98}}],"line":26},"3":{"loc":{"start":{"line":26,"column":70},"end":{"line":26,"column":98}},"type":"binary-expr","locations":[{"start":{"line":26,"column":70},"end":{"line":26,"column":95}},{"start":{"line":26,"column":95},"end":{"line":26,"column":98}}],"line":26},"4":{"loc":{"start":{"line":38,"column":2},"end":{"line":38,"column":null}},"type":"if","locations":[{"start":{"line":38,"column":2},"end":{"line":38,"column":null}},{"start":{},"end":{}}],"line":38},"5":{"loc":{"start":{"line":38,"column":6},"end":{"line":38,"column":44}},"type":"binary-expr","locations":[{"start":{"line":38,"column":6},"end":{"line":38,"column":17}},{"start":{"line":38,"column":17},"end":{"line":38,"column":44}}],"line":38}},"s":{"0":1,"1":18,"2":18,"3":18,"4":9,"5":9,"6":9,"7":9,"8":1,"9":9,"10":7,"11":1,"12":8,"13":18,"14":9,"15":18,"16":8,"17":10,"18":18},"f":{"0":18,"1":9,"2":9,"3":18},"b":{"0":[18],"1":[1,8],"2":[6,1],"3":[1,0],"4":[8,10],"5":[18,9]},"meta":{"lastBranch":6,"lastFunction":4,"lastStatement":19,"seen":{"s:12:50:59:Infinity":0,"f:12:50:12:51":0,"b:13:14:13:Infinity":0,"s:17:38:17:Infinity":1,"s:18:28:18:Infinity":2,"s:20:8:32:Infinity":3,"f:20:40:20:52":1,"s:21:4:31:Infinity":4,"s:22:6:22:Infinity":5,"s:23:26:23:Infinity":6,"b:24:6:24:Infinity:undefined:undefined:undefined:undefined":1,"s:24:6:24:Infinity":7,"s:24:18:24:Infinity":8,"s:25:23:25:Infinity":9,"s:26:6:26:Infinity":10,"b:26:53:26:70:26:70:26:98":2,"b:26:70:26:95:26:95:26:98":3,"s:28:6:28:Infinity":11,"s:30:6:30:Infinity":12,"s:34:2:36:Infinity":13,"f:34:12:34:18":2,"s:35:4:35:Infinity":14,"b:38:2:38:Infinity:undefined:undefined:undefined:undefined":4,"s:38:2:38:Infinity":15,"b:38:6:38:17:38:17:38:44":5,"s:38:44:38:Infinity":16,"s:40:2:57:Infinity":17,"f:46:30:46:31":3,"s:47:14:52:Infinity":18}}}
,"/home/tun/.openclaw/workspace/gold-trader-poc/frontend/src/components/common/TradingInterface.tsx": {"path":"/home/tun/.openclaw/workspace/gold-trader-poc/frontend/src/components/common/TradingInterface.tsx","statementMap":{"0":{"start":{"line":12,"column":58},"end":{"line":57,"column":null}},"1":{"start":{"line":16,"column":24},"end":{"line":16,"column":null}},"2":{"start":{"line":17,"column":26},"end":{"line":17,"column":null}},"3":{"start":{"line":18,"column":34},"end":{"line":18,"column":null}},"4":{"start":{"line":20,"column":2},"end":{"line":23,"column":null}},"5":{"start":{"line":21,"column":4},"end":{"line":21,"column":null}},"6":{"start":{"line":22,"column":4},"end":{"line":22,"column":null}},"7":{"start":{"line":22,"column":17},"end":{"line":22,"column":null}},"8":{"start":{"line":25,"column":27},"end":{"line":35,"column":null}},"9":{"start":{"line":26,"column":4},"end":{"line":26,"column":null}},"10":{"start":{"line":27,"column":4},"end":{"line":34,"column":null}},"11":{"start":{"line":28,"column":18},"end":{"line":28,"column":null}},"12":{"start":{"line":29,"column":6},"end":{"line":29,"column":null}},"13":{"start":{"line":31,"column":6},"end":{"line":31,"column":null}},"14":{"start":{"line":33,"column":6},"end":{"line":33,"column":null}},"15":{"start":{"line":37,"column":2},"end":{"line":55,"column":null}},"16":{"start":{"line":44,"column":23},"end":{"line":44,"column":null}}},"fnMap":{"0":{"name":"(anonymous_0)","decl":{"start":{"line":12,"column":58},"end":{"line":12,"column":59}},"loc":{"start":{"line":15,"column":6},"end":{"line":57,"column":null}},"line":15},"1":{"name":"(anonymous_1)","decl":{"start":{"line":20,"column":12},"end":{"line":20,"column":18}},"loc":{"start":{"line":20,"column":18},"end":{"line":23,"column":5}},"line":20},"2":{"name":"(anonymous_2)","decl":{"start":{"line":22,"column":11},"end":{"line":22,"column":17}},"loc":{"start":{"line":22,"column":17},"end":{"line":22,"column":null}},"line":22},"3":{"name":"(anonymous_3)","decl":{"start":{"line":25,"column":27},"end":{"line":25,"column":39}},"loc":{"start":{"line":25,"column":39},"end":{"line":35,"column":null}},"line":25},"4":{"name":"(anonymous_4)","decl":{"start":{"line":44,"column":18},"end":{"line":44,"column":23}},"loc":{"start":{"line":44,"column":23},"end":{"line":44,"column":null}},"line":44}},"branchMap":{"0":{"loc":{"start":{"line":13,"column":2},"end":{"line":13,"column":null}},"type":"default-arg","locations":[{"start":{"line":13,"column":14},"end":{"line":13,"column":null}}],"line":13},"1":{"loc":{"start":{"line":53,"column":9},"end":{"line":53,"column":null}},"type":"cond-expr","locations":[{"start":{"line":53,"column":22},"end":{"line":53,"column":40}},{"start":{"line":53,"column":40},"end":{"line":53,"column":null}}],"line":53}},"s":{"0":1,"1":21,"2":21,"3":21,"4":21,"5":7,"6":7,"7":7,"8":21,"9":3,"10":3,"11":3,"12":1,"13":1,"14":2,"15":21,"16":9},"f":{"0":21,"1":7,"2":7,"3":3,"4":9},"b":{"0":[21],"1":[3,18]},"meta":{"lastBranch":2,"lastFunction":5,"lastStatement":17,"seen":{"s:12:58:57:Infinity":0,"f:12:58:12:59":0,"b:13:14:13:Infinity":0,"s:16:24:16:Infinity":1,"s:17:26:17:Infinity":2,"s:18:34:18:Infinity":3,"s:20:2:23:Infinity":4,"f:20:12:20:18":1,"s:21:4:21:Infinity":5,"s:22:4:22:Infinity":6,"f:22:11:22:17":2,"s:22:17:22:Infinity":7,"s:25:27:35:Infinity":8,"f:25:27:25:39":3,"s:26:4:26:Infinity":9,"s:27:4:34:Infinity":10,"s:28:18:28:Infinity":11,"s:29:6:29:Infinity":12,"s:31:6:31:Infinity":13,"s:33:6:33:Infinity":14,"s:37:2:55:Infinity":15,"f:44:18:44:23":4,"s:44:23:44:Infinity":16,"b:53:22:53:40:53:40:53:Infinity":1}}}
,"/home/tun/.openclaw/workspace/gold-trader-poc/frontend/src/hooks/useAuth.ts": {"path":"/home/tun/.openclaw/workspace/gold-trader-poc/frontend/src/hooks/useAuth.ts","statementMap":{"0":{"start":{"line":5,"column":23},"end":{"line":65,"column":null}},"1":{"start":{"line":6,"column":22},"end":{"line":6,"column":null}},"2":{"start":{"line":7,"column":32},"end":{"line":7,"column":null}},"3":{"start":{"line":8,"column":44},"end":{"line":8,"column":null}},"4":{"start":{"line":10,"column":2},"end":{"line":12,"column":null}},"5":{"start":{"line":11,"column":4},"end":{"line":11,"column":null}},"6":{"start":{"line":14,"column":20},"end":{"line":26,"column":null}},"7":{"start":{"line":15,"column":18},"end":{"line":15,"column":null}},"8":{"start":{"line":16,"column":4},"end":{"line":24,"column":null}},"9":{"start":{"line":17,"column":6},"end":{"line":23,"column":null}},"10":{"start":{"line":18,"column":25},"end":{"line":18,"column":null}},"11":{"start":{"line":19,"column":8},"end":{"line":19,"column":null}},"12":{"start":{"line":20,"column":8},"end":{"line":20,"column":null}},"13":{"start":{"line":22,"column":8},"end":{"line":22,"column":null}},"14":{"start":{"line":25,"column":4},"end":{"line":25,"column":null}},"15":{"start":{"line":28,"column":16},"end":{"line":33,"column":null}},"16":{"start":{"line":29,"column":35},"end":{"line":29,"column":null}},"17":{"start":{"line":30,"column":4},"end":{"line":30,"column":null}},"18":{"start":{"line":31,"column":4},"end":{"line":31,"column":null}},"19":{"start":{"line":32,"column":4},"end":{"line":32,"column":null}},"20":{"start":{"line":35,"column":19},"end":{"line":39,"column":null}},"21":{"start":{"line":36,"column":4},"end":{"line":36,"column":null}},"22":{"start":{"line":38,"column":4},"end":{"line":38,"column":null}},"23":{"start":{"line":41,"column":17},"end":{"line":45,"column":null}},"24":{"start":{"line":42,"column":4},"end":{"line":42,"column":null}},"25":{"start":{"line":43,"column":4},"end":{"line":43,"column":null}},"26":{"start":{"line":44,"column":4},"end":{"line":44,"column":null}},"27":{"start":{"line":47,"column":25},"end":{"line":53,"column":null}},"28":{"start":{"line":48,"column":18},"end":{"line":48,"column":null}},"29":{"start":{"line":49,"column":4},"end":{"line":52,"column":null}},"30":{"start":{"line":55,"column":2},"end":{"line":64,"column":null}}},"fnMap":{"0":{"name":"(anonymous_0)","decl":{"start":{"line":5,"column":23},"end":{"line":5,"column":29}},"loc":{"start":{"line":5,"column":29},"end":{"line":65,"column":null}},"line":5},"1":{"name":"(anonymous_1)","decl":{"start":{"line":10,"column":12},"end":{"line":10,"column":18}},"loc":{"start":{"line":10,"column":18},"end":{"line":12,"column":5}},"line":10},"2":{"name":"(anonymous_2)","decl":{"start":{"line":14,"column":20},"end":{"line":14,"column":32}},"loc":{"start":{"line":14,"column":32},"end":{"line":26,"column":null}},"line":14},"3":{"name":"(anonymous_3)","decl":{"start":{"line":28,"column":16},"end":{"line":28,"column":23}},"loc":{"start":{"line":28,"column":59},"end":{"line":33,"column":null}},"line":28},"4":{"name":"(anonymous_4)","decl":{"start":{"line":35,"column":19},"end":{"line":35,"column":26}},"loc":{"start":{"line":35,"column":49},"end":{"line":39,"column":null}},"line":35},"5":{"name":"(anonymous_5)","decl":{"start":{"line":41,"column":17},"end":{"line":41,"column":23}},"loc":{"start":{"line":41,"column":23},"end":{"line":45,"column":null}},"line":41},"6":{"name":"(anonymous_6)","decl":{"start":{"line":47,"column":25},"end":{"line":47,"column":31}},"loc":{"start":{"line":47,"column":31},"end":{"line":53,"column":null}},"line":47}},"branchMap":{"0":{"loc":{"start":{"line":16,"column":4},"end":{"line":24,"column":null}},"type":"if","locations":[{"start":{"line":16,"column":4},"end":{"line":24,"column":null}},{"start":{},"end":{}}],"line":16},"1":{"loc":{"start":{"line":51,"column":23},"end":{"line":51,"column":null}},"type":"cond-expr","locations":[{"start":{"line":51,"column":31},"end":{"line":51,"column":51}},{"start":{"line":51,"column":51},"end":{"line":51,"column":null}}],"line":51}},"s":{"0":1,"1":16,"2":16,"3":16,"4":16,"5":6,"6":16,"7":9,"8":9,"9":5,"10":5,"11":5,"12":5,"13":0,"14":9,"15":16,"16":3,"17":3,"18":3,"19":3,"20":16,"21":1,"22":1,"23":16,"24":1,"25":1,"26":1,"27":16,"28":2,"29":2,"30":16},"f":{"0":16,"1":6,"2":9,"3":3,"4":1,"5":1,"6":2},"b":{"0":[5,4],"1":[1,1]},"meta":{"lastBranch":2,"lastFunction":7,"lastStatement":31,"seen":{"s:5:23:65:Infinity":0,"f:5:23:5:29":0,"s:6:22:6:Infinity":1,"s:7:32:7:Infinity":2,"s:8:44:8:Infinity":3,"s:10:2:12:Infinity":4,"f:10:12:10:18":1,"s:11:4:11:Infinity":5,"s:14:20:26:Infinity":6,"f:14:20:14:32":2,"s:15:18:15:Infinity":7,"b:16:4:24:Infinity:undefined:undefined:undefined:undefined":0,"s:16:4:24:Infinity":8,"s:17:6:23:Infinity":9,"s:18:25:18:Infinity":10,"s:19:8:19:Infinity":11,"s:20:8:20:Infinity":12,"s:22:8:22:Infinity":13,"s:25:4:25:Infinity":14,"s:28:16:33:Infinity":15,"f:28:16:28:23":3,"s:29:35:29:Infinity":16,"s:30:4:30:Infinity":17,"s:31:4:31:Infinity":18,"s:32:4:32:Infinity":19,"s:35:19:39:Infinity":20,"f:35:19:35:26":4,"s:36:4:36:Infinity":21,"s:38:4:38:Infinity":22,"s:41:17:45:Infinity":23,"f:41:17:41:23":5,"s:42:4:42:Infinity":24,"s:43:4:43:Infinity":25,"s:44:4:44:Infinity":26,"s:47:25:53:Infinity":27,"f:47:25:47:31":6,"s:48:18:48:Infinity":28,"s:49:4:52:Infinity":29,"b:51:31:51:51:51:51:51:Infinity":1,"s:55:2:64:Infinity":30}}}
,"/home/tun/.openclaw/workspace/gold-trader-poc/frontend/src/hooks/useGoldPrice.ts": {"path":"/home/tun/.openclaw/workspace/gold-trader-poc/frontend/src/hooks/useGoldPrice.ts","statementMap":{"0":{"start":{"line":5,"column":28},"end":{"line":33,"column":null}},"1":{"start":{"line":6,"column":32},"end":{"line":6,"column":null}},"2":{"start":{"line":7,"column":32},"end":{"line":7,"column":null}},"3":{"start":{"line":8,"column":24},"end":{"line":8,"column":null}},"4":{"start":{"line":10,"column":22},"end":{"line":21,"column":null}},"5":{"start":{"line":11,"column":4},"end":{"line":20,"column":null}},"6":{"start":{"line":12,"column":6},"end":{"line":12,"column":null}},"7":{"start":{"line":13,"column":19},"end":{"line":13,"column":null}},"8":{"start":{"line":14,"column":6},"end":{"line":14,"column":null}},"9":{"start":{"line":15,"column":6},"end":{"line":15,"column":null}},"10":{"start":{"line":17,"column":6},"end":{"line":17,"column":null}},"11":{"start":{"line":19,"column":6},"end":{"line":19,"column":null}},"12":{"start":{"line":23,"column":2},"end":{"line":25,"column":null}},"13":{"start":{"line":24,"column":4},"end":{"line":24,"column":null}},"14":{"start":{"line":27,"column":2},"end":{"line":32,"column":null}}},"fnMap":{"0":{"name":"(anonymous_0)","decl":{"start":{"line":5,"column":28},"end":{"line":5,"column":34}},"loc":{"start":{"line":5,"column":34},"end":{"line":33,"column":null}},"line":5},"1":{"name":"(anonymous_1)","decl":{"start":{"line":10,"column":22},"end":{"line":10,"column":34}},"loc":{"start":{"line":10,"column":34},"end":{"line":21,"column":null}},"line":10},"2":{"name":"(anonymous_2)","decl":{"start":{"line":23,"column":12},"end":{"line":23,"column":18}},"loc":{"start":{"line":23,"column":18},"end":{"line":25,"column":5}},"line":23}},"branchMap":{"0":{"loc":{"start":{"line":17,"column":15},"end":{"line":17,"column":58}},"type":"binary-expr","locations":[{"start":{"line":17,"column":15},"end":{"line":17,"column":30}},{"start":{"line":17,"column":30},"end":{"line":17,"column":58}}],"line":17}},"s":{"0":1,"1":7,"2":7,"3":7,"4":7,"5":4,"6":4,"7":4,"8":3,"9":3,"10":1,"11":4,"12":7,"13":3,"14":7},"f":{"0":7,"1":4,"2":3},"b":{"0":[1,0]},"meta":{"lastBranch":1,"lastFunction":3,"lastStatement":15,"seen":{"s:5:28:33:Infinity":0,"f:5:28:5:34":0,"s:6:32:6:Infinity":1,"s:7:32:7:Infinity":2,"s:8:24:8:Infinity":3,"s:10:22:21:Infinity":4,"f:10:22:10:34":1,"s:11:4:20:Infinity":5,"s:12:6:12:Infinity":6,"s:13:19:13:Infinity":7,"s:14:6:14:Infinity":8,"s:15:6:15:Infinity":9,"s:17:6:17:Infinity":10,"b:17:15:17:30:17:30:17:58":0,"s:19:6:19:Infinity":11,"s:23:2:25:Infinity":12,"f:23:12:23:18":2,"s:24:4:24:Infinity":13,"s:27:2:32:Infinity":14}}}
,"/home/tun/.openclaw/workspace/gold-trader-poc/frontend/src/pages/Login.tsx": {"path":"/home/tun/.openclaw/workspace/gold-trader-poc/frontend/src/pages/Login.tsx","statementMap":{"0":{"start":{"line":5,"column":21},"end":{"line":98,"column":null}},"1":{"start":{"line":6,"column":24},"end":{"line":6,"column":null}},"2":{"start":{"line":7,"column":30},"end":{"line":7,"column":null}},"3":{"start":{"line":8,"column":24},"end":{"line":8,"column":null}},"4":{"start":{"line":9,"column":44},"end":{"line":9,"column":null}},"5":{"start":{"line":11,"column":2},"end":{"line":13,"column":null}},"6":{"start":{"line":12,"column":4},"end":{"line":12,"column":null}},"7":{"start":{"line":15,"column":23},"end":{"line":24,"column":null}},"8":{"start":{"line":16,"column":4},"end":{"line":16,"column":null}},"9":{"start":{"line":17,"column":4},"end":{"line":17,"column":null}},"10":{"start":{"line":19,"column":4},"end":{"line":23,"column":null}},"11":{"start":{"line":20,"column":6},"end":{"line":20,"column":null}},"12":{"start":{"line":22,"column":6},"end":{"line":22,"column":null}},"13":{"start":{"line":26,"column":2},"end":{"line":96,"column":null}},"14":{"start":{"line":58,"column":33},"end":{"line":58,"column":null}},"15":{"start":{"line":74,"column":33},"end":{"line":74,"column":null}}},"fnMap":{"0":{"name":"(anonymous_0)","decl":{"start":{"line":5,"column":21},"end":{"line":5,"column":27}},"loc":{"start":{"line":5,"column":27},"end":{"line":98,"column":null}},"line":5},"1":{"name":"(anonymous_1)","decl":{"start":{"line":15,"column":23},"end":{"line":15,"column":30}},"loc":{"start":{"line":15,"column":53},"end":{"line":24,"column":null}},"line":15},"2":{"name":"(anonymous_2)","decl":{"start":{"line":58,"column":26},"end":{"line":58,"column":27}},"loc":{"start":{"line":58,"column":33},"end":{"line":58,"column":null}},"line":58},"3":{"name":"(anonymous_3)","decl":{"start":{"line":74,"column":26},"end":{"line":74,"column":27}},"loc":{"start":{"line":74,"column":33},"end":{"line":74,"column":null}},"line":74}},"branchMap":{"0":{"loc":{"start":{"line":11,"column":2},"end":{"line":13,"column":null}},"type":"if","locations":[{"start":{"line":11,"column":2},"end":{"line":13,"column":null}},{"start":{},"end":{}}],"line":11},"1":{"loc":{"start":{"line":22,"column":15},"end":{"line":22,"column":91}},"type":"binary-expr","locations":[{"start":{"line":22,"column":15},"end":{"line":22,"column":45}},{"start":{"line":22,"column":45},"end":{"line":22,"column":91}}],"line":22},"2":{"loc":{"start":{"line":79,"column":11},"end":{"line":82,"column":null}},"type":"binary-expr","locations":[{"start":{"line":79,"column":11},"end":{"line":79,"column":null}},{"start":{"line":80,"column":12},"end":{"line":82,"column":null}}],"line":79},"3":{"loc":{"start":{"line":91,"column":15},"end":{"line":91,"column":null}},"type":"cond-expr","locations":[{"start":{"line":91,"column":27},"end":{"line":91,"column":45}},{"start":{"line":91,"column":45},"end":{"line":91,"column":null}}],"line":91}},"s":{"0":1,"1":93,"2":93,"3":93,"4":93,"5":93,"6":1,"7":92,"8":2,"9":2,"10":2,"11":2,"12":1,"13":92,"14":48,"15":35},"f":{"0":93,"1":2,"2":48,"3":35},"b":{"0":[1,92],"1":[1,0],"2":[92,1],"3":[1,91]},"meta":{"lastBranch":4,"lastFunction":4,"lastStatement":16,"seen":{"s:5:21:98:Infinity":0,"f:5:21:5:27":0,"s:6:24:6:Infinity":1,"s:7:30:7:Infinity":2,"s:8:24:8:Infinity":3,"s:9:44:9:Infinity":4,"b:11:2:13:Infinity:undefined:undefined:undefined:undefined":0,"s:11:2:13:Infinity":5,"s:12:4:12:Infinity":6,"s:15:23:24:Infinity":7,"f:15:23:15:30":1,"s:16:4:16:Infinity":8,"s:17:4:17:Infinity":9,"s:19:4:23:Infinity":10,"s:20:6:20:Infinity":11,"s:22:6:22:Infinity":12,"b:22:15:22:45:22:45:22:91":1,"s:26:2:96:Infinity":13,"f:58:26:58:27":2,"s:58:33:58:Infinity":14,"f:74:26:74:27":3,"s:74:33:74:Infinity":15,"b:79:11:79:Infinity:80:12:82:Infinity":2,"b:91:27:91:45:91:45:91:Infinity":3}}}
,"/home/tun/.openclaw/workspace/gold-trader-poc/frontend/src/services/api.ts": {"path":"/home/tun/.openclaw/workspace/gold-trader-poc/frontend/src/services/api.ts","statementMap":{"0":{"start":{"line":5,"column":21},"end":{"line":5,"column":null}},"1":{"start":{"line":11,"column":4},"end":{"line":17,"column":null}},"2":{"start":{"line":20,"column":4},"end":{"line":29,"column":null}},"3":{"start":{"line":22,"column":22},"end":{"line":22,"column":null}},"4":{"start":{"line":23,"column":8},"end":{"line":25,"column":null}},"5":{"start":{"line":24,"column":10},"end":{"line":24,"column":null}},"6":{"start":{"line":26,"column":8},"end":{"line":26,"column":null}},"7":{"start":{"line":28,"column":17},"end":{"line":28,"column":null}},"8":{"start":{"line":32,"column":4},"end":{"line":64,"column":null}},"9":{"start":{"line":33,"column":20},"end":{"line":33,"column":null}},"10":{"start":{"line":35,"column":32},"end":{"line":35,"column":null}},"11":{"start":{"line":38,"column":8},"end":{"line":60,"column":null}},"12":{"start":{"line":39,"column":10},"end":{"line":39,"column":null}},"13":{"start":{"line":41,"column":10},"end":{"line":59,"column":null}},"14":{"start":{"line":42,"column":33},"end":{"line":42,"column":null}},"15":{"start":{"line":43,"column":29},"end":{"line":45,"column":null}},"16":{"start":{"line":47,"column":31},"end":{"line":47,"column":null}},"17":{"start":{"line":48,"column":12},"end":{"line":48,"column":null}},"18":{"start":{"line":51,"column":12},"end":{"line":51,"column":null}},"19":{"start":{"line":52,"column":12},"end":{"line":52,"column":null}},"20":{"start":{"line":55,"column":12},"end":{"line":55,"column":null}},"21":{"start":{"line":56,"column":12},"end":{"line":56,"column":null}},"22":{"start":{"line":57,"column":12},"end":{"line":57,"column":null}},"23":{"start":{"line":58,"column":12},"end":{"line":58,"column":null}},"24":{"start":{"line":62,"column":8},"end":{"line":62,"column":null}},"25":{"start":{"line":68,"column":4},"end":{"line":68,"column":null}},"26":{"start":{"line":72,"column":4},"end":{"line":72,"column":null}},"27":{"start":{"line":76,"column":4},"end":{"line":76,"column":null}},"28":{"start":{"line":80,"column":4},"end":{"line":80,"column":null}},"29":{"start":{"line":84,"column":4},"end":{"line":84,"column":null}},"30":{"start":{"line":89,"column":18},"end":{"line":89,"column":null}},"31":{"start":{"line":94,"column":27},"end":{"line":117,"column":null}},"32":{"start":{"line":96,"column":21},"end":{"line":99,"column":null}},"33":{"start":{"line":100,"column":4},"end":{"line":100,"column":null}},"34":{"start":{"line":104,"column":4},"end":{"line":104,"column":null}},"35":{"start":{"line":105,"column":4},"end":{"line":105,"column":null}},"36":{"start":{"line":109,"column":21},"end":{"line":109,"column":null}},"37":{"start":{"line":110,"column":4},"end":{"line":110,"column":null}},"38":{"start":{"line":114,"column":21},"end":{"line":114,"column":null}},"39":{"start":{"line":115,"column":4},"end":{"line":115,"column":null}},"40":{"start":{"line":119,"column":32},"end":{"line":129,"column":null}},"41":{"start":{"line":121,"column":21},"end":{"line":121,"column":null}},"42":{"start":{"line":122,"column":4},"end":{"line":122,"column":null}},"43":{"start":{"line":126,"column":21},"end":{"line":126,"column":null}},"44":{"start":{"line":127,"column":4},"end":{"line":127,"column":null}},"45":{"start":{"line":131,"column":34},"end":{"line":146,"column":null}},"46":{"start":{"line":133,"column":21},"end":{"line":133,"column":null}},"47":{"start":{"line":134,"column":4},"end":{"line":134,"column":null}},"48":{"start":{"line":138,"column":21},"end":{"line":138,"column":null}},"49":{"start":{"line":139,"column":4},"end":{"line":139,"column":null}},"50":{"start":{"line":143,"column":21},"end":{"line":143,"column":null}},"51":{"start":{"line":144,"column":4},"end":{"line":144,"column":null}},"52":{"start":{"line":148,"column":29},"end":{"line":158,"column":null}},"53":{"start":{"line":150,"column":21},"end":{"line":150,"column":null}},"54":{"start":{"line":151,"column":4},"end":{"line":151,"column":null}},"55":{"start":{"line":155,"column":21},"end":{"line":155,"column":null}},"56":{"start":{"line":156,"column":4},"end":{"line":156,"column":null}},"57":{"start":{"line":160,"column":35},"end":{"line":165,"column":null}},"58":{"start":{"line":162,"column":21},"end":{"line":162,"column":null}},"59":{"start":{"line":163,"column":4},"end":{"line":163,"column":null}}},"fnMap":{"0":{"name":"(anonymous_0)","decl":{"start":{"line":10,"column":2},"end":{"line":10,"column":16}},"loc":{"start":{"line":10,"column":16},"end":{"line":65,"column":null}},"line":10},"1":{"name":"(anonymous_1)","decl":{"start":{"line":21,"column":6},"end":{"line":21,"column":7}},"loc":{"start":{"line":21,"column":18},"end":{"line":27,"column":null}},"line":21},"2":{"name":"(anonymous_2)","decl":{"start":{"line":28,"column":6},"end":{"line":28,"column":7}},"loc":{"start":{"line":28,"column":17},"end":{"line":28,"column":null}},"line":28},"3":{"name":"(anonymous_3)","decl":{"start":{"line":33,"column":6},"end":{"line":33,"column":7}},"loc":{"start":{"line":33,"column":20},"end":{"line":33,"column":null}},"line":33},"4":{"name":"(anonymous_4)","decl":{"start":{"line":34,"column":6},"end":{"line":34,"column":13}},"loc":{"start":{"line":34,"column":35},"end":{"line":63,"column":null}},"line":34},"5":{"name":"(anonymous_5)","decl":{"start":{"line":67,"column":9},"end":{"line":67,"column":13}},"loc":{"start":{"line":67,"column":40},"end":{"line":69,"column":null}},"line":67},"6":{"name":"(anonymous_6)","decl":{"start":{"line":71,"column":9},"end":{"line":71,"column":14}},"loc":{"start":{"line":71,"column":39},"end":{"line":73,"column":null}},"line":71},"7":{"name":"(anonymous_7)","decl":{"start":{"line":75,"column":9},"end":{"line":75,"column":13}},"loc":{"start":{"line":75,"column":38},"end":{"line":77,"column":null}},"line":75},"8":{"name":"(anonymous_8)","decl":{"start":{"line":79,"column":9},"end":{"line":79,"column":15}},"loc":{"start":{"line":79,"column":40},"end":{"line":81,"column":null}},"line":79},"9":{"name":"(anonymous_9)","decl":{"start":{"line":83,"column":9},"end":{"line":83,"column":16}},"loc":{"start":{"line":83,"column":29},"end":{"line":85,"column":null}},"line":83},"10":{"name":"(anonymous_10)","decl":{"start":{"line":95,"column":9},"end":{"line":95,"column":16}},"loc":{"start":{"line":95,"column":52},"end":{"line":101,"column":null}},"line":95},"11":{"name":"(anonymous_11)","decl":{"start":{"line":103,"column":10},"end":{"line":103,"column":16}},"loc":{"start":{"line":103,"column":16},"end":{"line":106,"column":null}},"line":103},"12":{"name":"(anonymous_12)","decl":{"start":{"line":108,"column":12},"end":{"line":108,"column":19}},"loc":{"start":{"line":108,"column":37},"end":{"line":111,"column":null}},"line":108},"13":{"name":"(anonymous_13)","decl":{"start":{"line":113,"column":14},"end":{"line":113,"column":26}},"loc":{"start":{"line":113,"column":26},"end":{"line":116,"column":null}},"line":113},"14":{"name":"(anonymous_14)","decl":{"start":{"line":120,"column":13},"end":{"line":120,"column":25}},"loc":{"start":{"line":120,"column":25},"end":{"line":123,"column":null}},"line":120},"15":{"name":"(anonymous_15)","decl":{"start":{"line":125,"column":14},"end":{"line":125,"column":21}},"loc":{"start":{"line":125,"column":38},"end":{"line":128,"column":null}},"line":125},"16":{"name":"(anonymous_16)","decl":{"start":{"line":132,"column":11},"end":{"line":132,"column":18}},"loc":{"start":{"line":132,"column":35},"end":{"line":135,"column":null}},"line":132},"17":{"name":"(anonymous_17)","decl":{"start":{"line":137,"column":10},"end":{"line":137,"column":17}},"loc":{"start":{"line":137,"column":31},"end":{"line":140,"column":null}},"line":137},"18":{"name":"(anonymous_18)","decl":{"start":{"line":142,"column":13},"end":{"line":142,"column":20}},"loc":{"start":{"line":142,"column":35},"end":{"line":145,"column":null}},"line":142},"19":{"name":"(anonymous_19)","decl":{"start":{"line":149,"column":15},"end":{"line":149,"column":27}},"loc":{"start":{"line":149,"column":27},"end":{"line":152,"column":null}},"line":149},"20":{"name":"(anonymous_20)","decl":{"start":{"line":154,"column":11},"end":{"line":154,"column":18}},"loc":{"start":{"line":154,"column":35},"end":{"line":157,"column":null}},"line":154},"21":{"name":"(anonymous_21)","decl":{"start":{"line":161,"column":15},"end":{"line":161,"column":27}},"loc":{"start":{"line":161,"column":27},"end":{"line":164,"column":null}},"line":161}},"branchMap":{"0":{"loc":{"start":{"line":5,"column":21},"end":{"line":5,"column":null}},"type":"binary-expr","locations":[{"start":{"line":5,"column":21},"end":{"line":5,"column":58}},{"start":{"line":5,"column":58},"end":{"line":5,"column":null}}],"line":5},"1":{"loc":{"start":{"line":23,"column":8},"end":{"line":25,"column":null}},"type":"if","locations":[{"start":{"line":23,"column":8},"end":{"line":25,"column":null}},{"start":{},"end":{}}],"line":23},"2":{"loc":{"start":{"line":38,"column":8},"end":{"line":60,"column":null}},"type":"if","locations":[{"start":{"line":38,"column":8},"end":{"line":60,"column":null}},{"start":{},"end":{}}],"line":38},"3":{"loc":{"start":{"line":38,"column":12},"end":{"line":38,"column":71}},"type":"binary-expr","locations":[{"start":{"line":38,"column":12},"end":{"line":38,"column":46}},{"start":{"line":38,"column":46},"end":{"line":38,"column":71}}],"line":38}},"s":{"0":3,"1":3,"2":3,"3":0,"4":0,"5":0,"6":0,"7":0,"8":3,"9":0,"10":0,"11":0,"12":0,"13":0,"14":0,"15":0,"16":0,"17":0,"18":0,"19":0,"20":0,"21":0,"22":0,"23":0,"24":0,"25":8,"26":3,"27":0,"28":0,"29":0,"30":3,"31":3,"32":1,"33":1,"34":1,"35":1,"36":1,"37":1,"38":1,"39":1,"40":3,"41":1,"42":1,"43":1,"44":1,"45":3,"46":1,"47":1,"48":1,"49":1,"50":1,"51":1,"52":3,"53":1,"54":1,"55":1,"56":1,"57":3,"58":1,"59":1},"f":{"0":3,"1":0,"2":0,"3":0,"4":0,"5":8,"6":3,"7":0,"8":0,"9":0,"10":1,"11":1,"12":1,"13":1,"14":1,"15":1,"16":1,"17":1,"18":1,"19":1,"20":1,"21":1},"b":{"0":[3,3],"1":[0,0],"2":[0,0],"3":[0,0]},"meta":{"lastBranch":4,"lastFunction":22,"lastStatement":60,"seen":{"s:5:21:5:Infinity":0,"b:5:21:5:58:5:58:5:Infinity":0,"f:10:2:10:16":0,"s:11:4:17:Infinity":1,"s:20:4:29:Infinity":2,"f:21:6:21:7":1,"s:22:22:22:Infinity":3,"b:23:8:25:Infinity:undefined:undefined:undefined:undefined":1,"s:23:8:25:Infinity":4,"s:24:10:24:Infinity":5,"s:26:8:26:Infinity":6,"f:28:6:28:7":2,"s:28:17:28:Infinity":7,"s:32:4:64:Infinity":8,"f:33:6:33:7":3,"s:33:20:33:Infinity":9,"f:34:6:34:13":4,"s:35:32:35:Infinity":10,"b:38:8:60:Infinity:undefined:undefined:undefined:undefined":2,"s:38:8:60:Infinity":11,"b:38:12:38:46:38:46:38:71":3,"s:39:10:39:Infinity":12,"s:41:10:59:Infinity":13,"s:42:33:42:Infinity":14,"s:43:29:45:Infinity":15,"s:47:31:47:Infinity":16,"s:48:12:48:Infinity":17,"s:51:12:51:Infinity":18,"s:52:12:52:Infinity":19,"s:55:12:55:Infinity":20,"s:56:12:56:Infinity":21,"s:57:12:57:Infinity":22,"s:58:12:58:Infinity":23,"s:62:8:62:Infinity":24,"f:67:9:67:13":5,"s:68:4:68:Infinity":25,"f:71:9:71:14":6,"s:72:4:72:Infinity":26,"f:75:9:75:13":7,"s:76:4:76:Infinity":27,"f:79:9:79:15":8,"s:80:4:80:Infinity":28,"f:83:9:83:16":9,"s:84:4:84:Infinity":29,"s:89:18:89:Infinity":30,"s:94:27:117:Infinity":31,"f:95:9:95:16":10,"s:96:21:99:Infinity":32,"s:100:4:100:Infinity":33,"f:103:10:103:16":11,"s:104:4:104:Infinity":34,"s:105:4:105:Infinity":35,"f:108:12:108:19":12,"s:109:21:109:Infinity":36,"s:110:4:110:Infinity":37,"f:113:14:113:26":13,"s:114:21:114:Infinity":38,"s:115:4:115:Infinity":39,"s:119:32:129:Infinity":40,"f:120:13:120:25":14,"s:121:21:121:Infinity":41,"s:122:4:122:Infinity":42,"f:125:14:125:21":15,"s:126:21:126:Infinity":43,"s:127:4:127:Infinity":44,"s:131:34:146:Infinity":45,"f:132:11:132:18":16,"s:133:21:133:Infinity":46,"s:134:4:134:Infinity":47,"f:137:10:137:17":17,"s:138:21:138:Infinity":48,"s:139:4:139:Infinity":49,"f:142:13:142:20":18,"s:143:21:143:Infinity":50,"s:144:4:144:Infinity":51,"s:148:29:158:Infinity":52,"f:149:15:149:27":19,"s:150:21:150:Infinity":53,"s:151:4:151:Infinity":54,"f:154:11:154:18":20,"s:155:21:155:Infinity":55,"s:156:4:156:Infinity":56,"s:160:35:165:Infinity":57,"f:161:15:161:27":21,"s:162:21:162:Infinity":58,"s:163:4:163:Infinity":59}}}
,"/home/tun/.openclaw/workspace/gold-trader-poc/frontend/src/utils/formatters.ts": {"path":"/home/tun/.openclaw/workspace/gold-trader-poc/frontend/src/utils/formatters.ts","statementMap":{"0":{"start":{"line":8,"column":28},"end":{"line":15,"column":null}},"1":{"start":{"line":9,"column":2},"end":{"line":9,"column":null}},"2":{"start":{"line":9,"column":45},"end":{"line":9,"column":null}},"3":{"start":{"line":11,"column":2},"end":{"line":14,"column":null}},"4":{"start":{"line":20,"column":30},"end":{"line":29,"column":null}},"5":{"start":{"line":21,"column":2},"end":{"line":21,"column":null}},"6":{"start":{"line":21,"column":45},"end":{"line":21,"column":null}},"7":{"start":{"line":23,"column":2},"end":{"line":28,"column":null}},"8":{"start":{"line":34,"column":32},"end":{"line":38,"column":null}},"9":{"start":{"line":35,"column":2},"end":{"line":35,"column":null}},"10":{"start":{"line":35,"column":45},"end":{"line":35,"column":null}},"11":{"start":{"line":37,"column":2},"end":{"line":37,"column":null}},"12":{"start":{"line":43,"column":28},"end":{"line":47,"column":null}},"13":{"start":{"line":44,"column":2},"end":{"line":44,"column":null}},"14":{"start":{"line":44,"column":45},"end":{"line":44,"column":null}},"15":{"start":{"line":46,"column":2},"end":{"line":46,"column":null}},"16":{"start":{"line":53,"column":34},"end":{"line":58,"column":null}},"17":{"start":{"line":54,"column":2},"end":{"line":54,"column":null}},"18":{"start":{"line":54,"column":45},"end":{"line":54,"column":null}},"19":{"start":{"line":56,"column":15},"end":{"line":56,"column":null}},"20":{"start":{"line":57,"column":2},"end":{"line":57,"column":null}},"21":{"start":{"line":63,"column":26},"end":{"line":75,"column":null}},"22":{"start":{"line":64,"column":2},"end":{"line":64,"column":null}},"23":{"start":{"line":64,"column":19},"end":{"line":64,"column":null}},"24":{"start":{"line":66,"column":15},"end":{"line":66,"column":null}},"25":{"start":{"line":68,"column":2},"end":{"line":74,"column":null}},"26":{"start":{"line":80,"column":31},"end":{"line":90,"column":null}},"27":{"start":{"line":81,"column":2},"end":{"line":81,"column":null}},"28":{"start":{"line":81,"column":19},"end":{"line":81,"column":null}},"29":{"start":{"line":83,"column":15},"end":{"line":83,"column":null}},"30":{"start":{"line":85,"column":2},"end":{"line":89,"column":null}},"31":{"start":{"line":95,"column":37},"end":{"line":104,"column":null}},"32":{"start":{"line":96,"column":2},"end":{"line":103,"column":null}},"33":{"start":{"line":98,"column":6},"end":{"line":98,"column":null}},"34":{"start":{"line":100,"column":6},"end":{"line":100,"column":null}},"35":{"start":{"line":102,"column":6},"end":{"line":102,"column":null}},"36":{"start":{"line":109,"column":39},"end":{"line":118,"column":null}},"37":{"start":{"line":110,"column":2},"end":{"line":117,"column":null}},"38":{"start":{"line":112,"column":6},"end":{"line":112,"column":null}},"39":{"start":{"line":114,"column":6},"end":{"line":114,"column":null}},"40":{"start":{"line":116,"column":6},"end":{"line":116,"column":null}},"41":{"start":{"line":123,"column":28},"end":{"line":134,"column":null}},"42":{"start":{"line":124,"column":2},"end":{"line":133,"column":null}},"43":{"start":{"line":126,"column":6},"end":{"line":126,"column":null}},"44":{"start":{"line":128,"column":6},"end":{"line":128,"column":null}},"45":{"start":{"line":130,"column":6},"end":{"line":130,"column":null}},"46":{"start":{"line":132,"column":6},"end":{"line":132,"column":null}},"47":{"start":{"line":139,"column":30},"end":{"line":150,"column":null}},"48":{"start":{"line":140,"column":2},"end":{"line":149,"column":null}},"49":{"start":{"line":142,"column":6},"end":{"line":142,"column":null}},"50":{"start":{"line":144,"column":6},"end":{"line":144,"column":null}},"51":{"start":{"line":146,"column":6},"end":{"line":146,"column":null}},"52":{"start":{"line":148,"column":6},"end":{"line":148,"column":null}},"53":{"start":{"line":155,"column":33},"end":{"line":171,"column":null}},"54":{"start":{"line":156,"column":2},"end":{"line":156,"column":null}},"55":{"start":{"line":156,"column":45},"end":{"line":156,"column":null}},"56":{"start":{"line":158,"column":2},"end":{"line":160,"column":null}},"57":{"start":{"line":159,"column":4},"end":{"line":159,"column":null}},"58":{"start":{"line":162,"column":2},"end":{"line":164,"column":null}},"59":{"start":{"line":163,"column":4},"end":{"line":163,"column":null}},"60":{"start":{"line":166,"column":2},"end":{"line":168,"column":null}},"61":{"start":{"line":167,"column":4},"end":{"line":167,"column":null}},"62":{"start":{"line":170,"column":2},"end":{"line":170,"column":null}},"63":{"start":{"line":176,"column":29},"end":{"line":201,"column":null}},"64":{"start":{"line":177,"column":2},"end":{"line":177,"column":null}},"65":{"start":{"line":177,"column":19},"end":{"line":177,"column":null}},"66":{"start":{"line":179,"column":15},"end":{"line":179,"column":null}},"67":{"start":{"line":180,"column":14},"end":{"line":180,"column":null}},"68":{"start":{"line":181,"column":18},"end":{"line":181,"column":null}},"69":{"start":{"line":183,"column":20},"end":{"line":190,"column":null}},"70":{"start":{"line":192,"column":2},"end":{"line":198,"column":null}},"71":{"start":{"line":193,"column":18},"end":{"line":193,"column":null}},"72":{"start":{"line":195,"column":4},"end":{"line":197,"column":null}},"73":{"start":{"line":196,"column":6},"end":{"line":196,"column":null}},"74":{"start":{"line":200,"column":2},"end":{"line":200,"column":null}}},"fnMap":{"0":{"name":"(anonymous_0)","decl":{"start":{"line":8,"column":28},"end":{"line":8,"column":29}},"loc":{"start":{"line":8,"column":77},"end":{"line":15,"column":null}},"line":8},"1":{"name":"(anonymous_1)","decl":{"start":{"line":20,"column":30},"end":{"line":20,"column":31}},"loc":{"start":{"line":20,"column":57},"end":{"line":29,"column":null}},"line":20},"2":{"name":"(anonymous_2)","decl":{"start":{"line":34,"column":32},"end":{"line":34,"column":33}},"loc":{"start":{"line":34,"column":81},"end":{"line":38,"column":null}},"line":34},"3":{"name":"(anonymous_3)","decl":{"start":{"line":43,"column":28},"end":{"line":43,"column":29}},"loc":{"start":{"line":43,"column":77},"end":{"line":47,"column":null}},"line":43},"4":{"name":"(anonymous_4)","decl":{"start":{"line":53,"column":34},"end":{"line":53,"column":35}},"loc":{"start":{"line":53,"column":83},"end":{"line":58,"column":null}},"line":53},"5":{"name":"(anonymous_5)","decl":{"start":{"line":63,"column":26},"end":{"line":63,"column":27}},"loc":{"start":{"line":63,"column":58},"end":{"line":75,"column":null}},"line":63},"6":{"name":"(anonymous_6)","decl":{"start":{"line":80,"column":31},"end":{"line":80,"column":32}},"loc":{"start":{"line":80,"column":63},"end":{"line":90,"column":null}},"line":80},"7":{"name":"(anonymous_7)","decl":{"start":{"line":95,"column":37},"end":{"line":95,"column":38}},"loc":{"start":{"line":95,"column":63},"end":{"line":104,"column":null}},"line":95},"8":{"name":"(anonymous_8)","decl":{"start":{"line":109,"column":39},"end":{"line":109,"column":40}},"loc":{"start":{"line":109,"column":65},"end":{"line":118,"column":null}},"line":109},"9":{"name":"(anonymous_9)","decl":{"start":{"line":123,"column":28},"end":{"line":123,"column":29}},"loc":{"start":{"line":123,"column":56},"end":{"line":134,"column":null}},"line":123},"10":{"name":"(anonymous_10)","decl":{"start":{"line":139,"column":30},"end":{"line":139,"column":31}},"loc":{"start":{"line":139,"column":58},"end":{"line":150,"column":null}},"line":139},"11":{"name":"(anonymous_11)","decl":{"start":{"line":155,"column":33},"end":{"line":155,"column":34}},"loc":{"start":{"line":155,"column":60},"end":{"line":171,"column":null}},"line":155},"12":{"name":"(anonymous_12)","decl":{"start":{"line":176,"column":29},"end":{"line":176,"column":30}},"loc":{"start":{"line":176,"column":61},"end":{"line":201,"column":null}},"line":176}},"branchMap":{"0":{"loc":{"start":{"line":8,"column":44},"end":{"line":8,"column":77}},"type":"default-arg","locations":[{"start":{"line":8,"column":63},"end":{"line":8,"column":77}}],"line":8},"1":{"loc":{"start":{"line":9,"column":2},"end":{"line":9,"column":null}},"type":"if","locations":[{"start":{"line":9,"column":2},"end":{"line":9,"column":null}},{"start":{},"end":{}}],"line":9},"2":{"loc":{"start":{"line":9,"column":6},"end":{"line":9,"column":45}},"type":"binary-expr","locations":[{"start":{"line":9,"column":6},"end":{"line":9,"column":24}},{"start":{"line":9,"column":24},"end":{"line":9,"column":45}}],"line":9},"3":{"loc":{"start":{"line":21,"column":2},"end":{"line":21,"column":null}},"type":"if","locations":[{"start":{"line":21,"column":2},"end":{"line":21,"column":null}},{"start":{},"end":{}}],"line":21},"4":{"loc":{"start":{"line":21,"column":6},"end":{"line":21,"column":45}},"type":"binary-expr","locations":[{"start":{"line":21,"column":6},"end":{"line":21,"column":24}},{"start":{"line":21,"column":24},"end":{"line":21,"column":45}}],"line":21},"5":{"loc":{"start":{"line":34,"column":48},"end":{"line":34,"column":81}},"type":"default-arg","locations":[{"start":{"line":34,"column":67},"end":{"line":34,"column":81}}],"line":34},"6":{"loc":{"start":{"line":35,"column":2},"end":{"line":35,"column":null}},"type":"if","locations":[{"start":{"line":35,"column":2},"end":{"line":35,"column":null}},{"start":{},"end":{}}],"line":35},"7":{"loc":{"start":{"line":35,"column":6},"end":{"line":35,"column":45}},"type":"binary-expr","locations":[{"start":{"line":35,"column":6},"end":{"line":35,"column":24}},{"start":{"line":35,"column":24},"end":{"line":35,"column":45}}],"line":35},"8":{"loc":{"start":{"line":43,"column":44},"end":{"line":43,"column":77}},"type":"default-arg","locations":[{"start":{"line":43,"column":63},"end":{"line":43,"column":77}}],"line":43},"9":{"loc":{"start":{"line":44,"column":2},"end":{"line":44,"column":null}},"type":"if","locations":[{"start":{"line":44,"column":2},"end":{"line":44,"column":null}},{"start":{},"end":{}}],"line":44},"10":{"loc":{"start":{"line":44,"column":6},"end":{"line":44,"column":45}},"type":"binary-expr","locations":[{"start":{"line":44,"column":6},"end":{"line":44,"column":24}},{"start":{"line":44,"column":24},"end":{"line":44,"column":45}}],"line":44},"11":{"loc":{"start":{"line":53,"column":50},"end":{"line":53,"column":83}},"type":"default-arg","locations":[{"start":{"line":53,"column":69},"end":{"line":53,"column":83}}],"line":53},"12":{"loc":{"start":{"line":54,"column":2},"end":{"line":54,"column":null}},"type":"if","locations":[{"start":{"line":54,"column":2},"end":{"line":54,"column":null}},{"start":{},"end":{}}],"line":54},"13":{"loc":{"start":{"line":54,"column":6},"end":{"line":54,"column":45}},"type":"binary-expr","locations":[{"start":{"line":54,"column":6},"end":{"line":54,"column":24}},{"start":{"line":54,"column":24},"end":{"line":54,"column":45}}],"line":54},"14":{"loc":{"start":{"line":64,"column":2},"end":{"line":64,"column":null}},"type":"if","locations":[{"start":{"line":64,"column":2},"end":{"line":64,"column":null}},{"start":{},"end":{}}],"line":64},"15":{"loc":{"start":{"line":81,"column":2},"end":{"line":81,"column":null}},"type":"if","locations":[{"start":{"line":81,"column":2},"end":{"line":81,"column":null}},{"start":{},"end":{}}],"line":81},"16":{"loc":{"start":{"line":96,"column":2},"end":{"line":103,"column":null}},"type":"switch","locations":[{"start":{"line":97,"column":4},"end":{"line":98,"column":null}},{"start":{"line":99,"column":4},"end":{"line":100,"column":null}},{"start":{"line":101,"column":4},"end":{"line":102,"column":null}}],"line":96},"17":{"loc":{"start":{"line":110,"column":2},"end":{"line":117,"column":null}},"type":"switch","locations":[{"start":{"line":111,"column":4},"end":{"line":112,"column":null}},{"start":{"line":113,"column":4},"end":{"line":114,"column":null}},{"start":{"line":115,"column":4},"end":{"line":116,"column":null}}],"line":110},"18":{"loc":{"start":{"line":124,"column":2},"end":{"line":133,"column":null}},"type":"switch","locations":[{"start":{"line":125,"column":4},"end":{"line":126,"column":null}},{"start":{"line":127,"column":4},"end":{"line":128,"column":null}},{"start":{"line":129,"column":4},"end":{"line":130,"column":null}},{"start":{"line":131,"column":4},"end":{"line":132,"column":null}}],"line":124},"19":{"loc":{"start":{"line":140,"column":2},"end":{"line":149,"column":null}},"type":"switch","locations":[{"start":{"line":141,"column":4},"end":{"line":142,"column":null}},{"start":{"line":143,"column":4},"end":{"line":144,"column":null}},{"start":{"line":145,"column":4},"end":{"line":146,"column":null}},{"start":{"line":147,"column":4},"end":{"line":148,"column":null}}],"line":140},"20":{"loc":{"start":{"line":156,"column":2},"end":{"line":156,"column":null}},"type":"if","locations":[{"start":{"line":156,"column":2},"end":{"line":156,"column":null}},{"start":{},"end":{}}],"line":156},"21":{"loc":{"start":{"line":156,"column":6},"end":{"line":156,"column":45}},"type":"binary-expr","locations":[{"start":{"line":156,"column":6},"end":{"line":156,"column":24}},{"start":{"line":156,"column":24},"end":{"line":156,"column":45}}],"line":156},"22":{"loc":{"start":{"line":158,"column":2},"end":{"line":160,"column":null}},"type":"if","locations":[{"start":{"line":158,"column":2},"end":{"line":160,"column":null}},{"start":{},"end":{}}],"line":158},"23":{"loc":{"start":{"line":162,"column":2},"end":{"line":164,"column":null}},"type":"if","locations":[{"start":{"line":162,"column":2},"end":{"line":164,"column":null}},{"start":{},"end":{}}],"line":162},"24":{"loc":{"start":{"line":166,"column":2},"end":{"line":168,"column":null}},"type":"if","locations":[{"start":{"line":166,"column":2},"end":{"line":168,"column":null}},{"start":{},"end":{}}],"line":166},"25":{"loc":{"start":{"line":177,"column":2},"end":{"line":177,"column":null}},"type":"if","locations":[{"start":{"line":177,"column":2},"end":{"line":177,"column":null}},{"start":{},"end":{}}],"line":177},"26":{"loc":{"start":{"line":195,"column":4},"end":{"line":197,"column":null}},"type":"if","locations":[{"start":{"line":195,"column":4},"end":{"line":197,"column":null}},{"start":{},"end":{}}],"line":195},"27":{"loc":{"start":{"line":196,"column":42},"end":{"line":196,"column":62}},"type":"cond-expr","locations":[{"start":{"line":196,"column":54},"end":{"line":196,"column":60}},{"start":{"line":196,"column":60},"end":{"line":196,"column":62}}],"line":196}},"s":{"0":4,"1":72,"2":2,"3":70,"4":4,"5":6,"6":2,"7":4,"8":4,"9":3,"10":0,"11":3,"12":4,"13":4,"14":2,"15":2,"16":4,"17":2,"18":0,"19":2,"20":2,"21":4,"22":20,"23":1,"24":19,"25":19,"26":4,"27":1,"28":0,"29":1,"30":1,"31":4,"32":3,"33":1,"34":1,"35":1,"36":4,"37":3,"38":1,"39":1,"40":1,"41":4,"42":4,"43":1,"44":1,"45":1,"46":1,"47":4,"48":3,"49":1,"50":1,"51":1,"52":0,"53":4,"54":4,"55":0,"56":4,"57":1,"58":3,"59":1,"60":2,"61":1,"62":1,"63":4,"64":4,"65":1,"66":3,"67":3,"68":3,"69":3,"70":3,"71":15,"72":15,"73":3,"74":0},"f":{"0":72,"1":6,"2":3,"3":4,"4":2,"5":20,"6":1,"7":3,"8":3,"9":4,"10":3,"11":4,"12":4},"b":{"0":[72],"1":[2,70],"2":[72,71],"3":[2,4],"4":[6,5],"5":[3],"6":[0,3],"7":[3,3],"8":[4],"9":[2,2],"10":[4,3],"11":[2],"12":[0,2],"13":[2,2],"14":[1,19],"15":[0,1],"16":[1,1,1],"17":[1,1,1],"18":[1,1,1,1],"19":[1,1,1,0],"20":[0,4],"21":[4,4],"22":[1,3],"23":[1,2],"24":[1,1],"25":[1,3],"26":[3,12],"27":[3,0]},"meta":{"lastBranch":28,"lastFunction":13,"lastStatement":75,"seen":{"s:8:28:15:Infinity":0,"f:8:28:8:29":0,"b:8:63:8:77":0,"b:9:2:9:Infinity:undefined:undefined:undefined:undefined":1,"s:9:2:9:Infinity":1,"b:9:6:9:24:9:24:9:45":2,"s:9:45:9:Infinity":2,"s:11:2:14:Infinity":3,"s:20:30:29:Infinity":4,"f:20:30:20:31":1,"b:21:2:21:Infinity:undefined:undefined:undefined:undefined":3,"s:21:2:21:Infinity":5,"b:21:6:21:24:21:24:21:45":4,"s:21:45:21:Infinity":6,"s:23:2:28:Infinity":7,"s:34:32:38:Infinity":8,"f:34:32:34:33":2,"b:34:67:34:81":5,"b:35:2:35:Infinity:undefined:undefined:undefined:undefined":6,"s:35:2:35:Infinity":9,"b:35:6:35:24:35:24:35:45":7,"s:35:45:35:Infinity":10,"s:37:2:37:Infinity":11,"s:43:28:47:Infinity":12,"f:43:28:43:29":3,"b:43:63:43:77":8,"b:44:2:44:Infinity:undefined:undefined:undefined:undefined":9,"s:44:2:44:Infinity":13,"b:44:6:44:24:44:24:44:45":10,"s:44:45:44:Infinity":14,"s:46:2:46:Infinity":15,"s:53:34:58:Infinity":16,"f:53:34:53:35":4,"b:53:69:53:83":11,"b:54:2:54:Infinity:undefined:undefined:undefined:undefined":12,"s:54:2:54:Infinity":17,"b:54:6:54:24:54:24:54:45":13,"s:54:45:54:Infinity":18,"s:56:15:56:Infinity":19,"s:57:2:57:Infinity":20,"s:63:26:75:Infinity":21,"f:63:26:63:27":5,"b:64:2:64:Infinity:undefined:undefined:undefined:undefined":14,"s:64:2:64:Infinity":22,"s:64:19:64:Infinity":23,"s:66:15:66:Infinity":24,"s:68:2:74:Infinity":25,"s:80:31:90:Infinity":26,"f:80:31:80:32":6,"b:81:2:81:Infinity:undefined:undefined:undefined:undefined":15,"s:81:2:81:Infinity":27,"s:81:19:81:Infinity":28,"s:83:15:83:Infinity":29,"s:85:2:89:Infinity":30,"s:95:37:104:Infinity":31,"f:95:37:95:38":7,"b:97:4:98:Infinity:99:4:100:Infinity:101:4:102:Infinity":16,"s:96:2:103:Infinity":32,"s:98:6:98:Infinity":33,"s:100:6:100:Infinity":34,"s:102:6:102:Infinity":35,"s:109:39:118:Infinity":36,"f:109:39:109:40":8,"b:111:4:112:Infinity:113:4:114:Infinity:115:4:116:Infinity":17,"s:110:2:117:Infinity":37,"s:112:6:112:Infinity":38,"s:114:6:114:Infinity":39,"s:116:6:116:Infinity":40,"s:123:28:134:Infinity":41,"f:123:28:123:29":9,"b:125:4:126:Infinity:127:4:128:Infinity:129:4:130:Infinity:131:4:132:Infinity":18,"s:124:2:133:Infinity":42,"s:126:6:126:Infinity":43,"s:128:6:128:Infinity":44,"s:130:6:130:Infinity":45,"s:132:6:132:Infinity":46,"s:139:30:150:Infinity":47,"f:139:30:139:31":10,"b:141:4:142:Infinity:143:4:144:Infinity:145:4:146:Infinity:147:4:148:Infinity":19,"s:140:2:149:Infinity":48,"s:142:6:142:Infinity":49,"s:144:6:144:Infinity":50,"s:146:6:146:Infinity":51,"s:148:6:148:Infinity":52,"s:155:33:171:Infinity":53,"f:155:33:155:34":11,"b:156:2:156:Infinity:undefined:undefined:undefined:undefined":20,"s:156:2:156:Infinity":54,"b:156:6:156:24:156:24:156:45":21,"s:156:45:156:Infinity":55,"b:158:2:160:Infinity:undefined:undefined:undefined:undefined":22,"s:158:2:160:Infinity":56,"s:159:4:159:Infinity":57,"b:162:2:164:Infinity:undefined:undefined:undefined:undefined":23,"s:162:2:164:Infinity":58,"s:163:4:163:Infinity":59,"b:166:2:168:Infinity:undefined:undefined:undefined:undefined":24,"s:166:2:168:Infinity":60,"s:167:4:167:Infinity":61,"s:170:2:170:Infinity":62,"s:176:29:201:Infinity":63,"f:176:29:176:30":12,"b:177:2:177:Infinity:undefined:undefined:undefined:undefined":25,"s:177:2:177:Infinity":64,"s:177:19:177:Infinity":65,"s:179:15:179:Infinity":66,"s:180:14:180:Infinity":67,"s:181:18:181:Infinity":68,"s:183:20:190:Infinity":69,"s:192:2:198:Infinity":70,"s:193:18:193:Infinity":71,"b:195:4:197:Infinity:undefined:undefined:undefined:undefined":26,"s:195:4:197:Infinity":72,"s:196:6:196:Infinity":73,"b:196:54:196:60:196:60:196:62":27,"s:200:2:200:Infinity":74}}}
}
